<?xml version="1.0" encoding="UTF-8"?>
<testng-results skipped="0" failed="0" total="4" passed="4">
  <reporter-output>
  </reporter-output>
  <suite name="TestNGXMLTest Test Suite" duration-ms="8466" started-at="2019-10-13T04:15:21Z" finished-at="2019-10-13T04:15:29Z">
    <groups>
    </groups>
    <test name="test_case_1_positive" duration-ms="7840" started-at="2019-10-13T04:15:21Z" finished-at="2019-10-13T04:15:29Z">
      <class name="com.fod89.AppTest">
        <test-method status="PASS" signature="beforeTest(java.lang.String, java.lang.String)[pri:0, instance:com.fod89.AppTest@1dfb72a]" name="beforeTest" is-config="true" duration-ms="8" started-at="2019-10-13T09:45:21Z" finished-at="2019-10-13T09:45:21Z">
          <params>
            <param index="0">
              <value>
                <![CDATA[D:\workspace\RestTestSuite\src\test\resources\fuel\test\test_case_1\test.json]]>
              </value>
            </param>
            <param index="1">
              <value>
                <![CDATA[D:\workspace\RestTestSuite\src\test\resources\fuel\test\test_case_1\positive.csv]]>
              </value>
            </param>
          </params>
          <reporter-output>
          </reporter-output>
        </test-method> <!-- beforeTest -->
        <test-method status="PASS" signature="test([Ljava.lang.Object;)[pri:0, instance:com.fod89.AppTest@1dfb72a]" name="test" duration-ms="7522" started-at="2019-10-13T09:45:21Z" data-provider="dp" finished-at="2019-10-13T09:45:28Z">
          <params>
            <param index="0">
              <value>
                <![CDATA[[Ljava.lang.String;@18a00e3]]>
              </value>
            </param>
          </params>
          <reporter-output>
          </reporter-output>
        </test-method> <!-- test -->
        <test-method status="PASS" signature="test([Ljava.lang.Object;)[pri:0, instance:com.fod89.AppTest@1dfb72a]" name="test" duration-ms="273" started-at="2019-10-13T09:45:28Z" data-provider="dp" finished-at="2019-10-13T09:45:29Z">
          <params>
            <param index="0">
              <value>
                <![CDATA[[Ljava.lang.String;@8b7f67]]>
              </value>
            </param>
          </params>
          <reporter-output>
          </reporter-output>
        </test-method> <!-- test -->
      </class> <!-- com.fod89.AppTest -->
    </test> <!-- test_case_1_positive -->
    <test name="test_case_1_negative" duration-ms="515" started-at="2019-10-13T04:15:29Z" finished-at="2019-10-13T04:15:29Z">
      <class name="com.fod89.AppTest">
        <test-method status="PASS" signature="init()[pri:0, instance:com.fod89.AppTest@1969fbe]" name="init" is-config="true" duration-ms="24" started-at="2019-10-13T09:45:21Z" finished-at="2019-10-13T09:45:21Z">
          <reporter-output>
          </reporter-output>
        </test-method> <!-- init -->
        <test-method status="PASS" signature="beforeTest(java.lang.String, java.lang.String)[pri:0, instance:com.fod89.AppTest@1969fbe]" name="beforeTest" is-config="true" duration-ms="2" started-at="2019-10-13T09:45:29Z" finished-at="2019-10-13T09:45:29Z">
          <params>
            <param index="0">
              <value>
                <![CDATA[D:\workspace\RestTestSuite\src\test\resources\fuel\test\test_case_1\test.json]]>
              </value>
            </param>
            <param index="1">
              <value>
                <![CDATA[D:\workspace\RestTestSuite\src\test\resources\fuel\test\test_case_1\negative.csv]]>
              </value>
            </param>
          </params>
          <reporter-output>
          </reporter-output>
        </test-method> <!-- beforeTest -->
        <test-method status="PASS" signature="test([Ljava.lang.Object;)[pri:0, instance:com.fod89.AppTest@1969fbe]" name="test" duration-ms="241" started-at="2019-10-13T09:45:29Z" data-provider="dp" finished-at="2019-10-13T09:45:29Z">
          <params>
            <param index="0">
              <value>
                <![CDATA[[Ljava.lang.String;@16a51ab]]>
              </value>
            </param>
          </params>
          <reporter-output>
          </reporter-output>
        </test-method> <!-- test -->
        <test-method status="PASS" signature="test([Ljava.lang.Object;)[pri:0, instance:com.fod89.AppTest@1969fbe]" name="test" duration-ms="261" started-at="2019-10-13T09:45:29Z" data-provider="dp" finished-at="2019-10-13T09:45:29Z">
          <params>
            <param index="0">
              <value>
                <![CDATA[[Ljava.lang.String;@1081592]]>
              </value>
            </param>
          </params>
          <reporter-output>
          </reporter-output>
        </test-method> <!-- test -->
        <test-method status="PASS" signature="exit()[pri:0, instance:com.fod89.AppTest@1969fbe]" name="exit" is-config="true" duration-ms="0" started-at="2019-10-13T09:45:29Z" finished-at="2019-10-13T09:45:29Z">
          <reporter-output>
          </reporter-output>
        </test-method> <!-- exit -->
      </class> <!-- com.fod89.AppTest -->
    </test> <!-- test_case_1_negative -->
  </suite> <!-- TestNGXMLTest Test Suite -->
</testng-results>
